  [1m[35m (2.7ms)[0m  [1m[34mSELECT sqlite_version(*)[0m
  [1m[35m (0.6ms)[0m  [1m[34mSELECT sqlite_version(*)[0m
  [1m[35m (1.4ms)[0m  [1m[35mCREATE TABLE "schema_migrations" ("version" varchar NOT NULL PRIMARY KEY)[0m
  [1m[35m (1.4ms)[0m  [1m[35mCREATE TABLE "ar_internal_metadata" ("key" varchar NOT NULL PRIMARY KEY, "value" varchar, "created_at" datetime(6) NOT NULL, "updated_at" datetime(6) NOT NULL)[0m
  [1m[36mActiveRecord::SchemaMigration Pluck (0.1ms)[0m  [1m[34mSELECT "schema_migrations"."version" FROM "schema_migrations" ORDER BY "schema_migrations"."version" ASC[0m
Migrating to CreatePeople (20220705181227)
  [1m[36mTRANSACTION (0.0ms)[0m  [1m[36mbegin transaction[0m
  [1m[35m (0.5ms)[0m  [1m[35mCREATE TABLE "people" ("id" integer PRIMARY KEY AUTOINCREMENT NOT NULL, "name" varchar, "password" varchar, "created_at" datetime(6) NOT NULL, "updated_at" datetime(6) NOT NULL)[0m
  [1m[36mActiveRecord::SchemaMigration Create (0.4ms)[0m  [1m[32mINSERT INTO "schema_migrations" ("version") VALUES (?)[0m  [["version", "20220705181227"]]
  [1m[36mTRANSACTION (1.0ms)[0m  [1m[36mcommit transaction[0m
  [1m[36mActiveRecord::InternalMetadata Load (0.1ms)[0m  [1m[34mSELECT "ar_internal_metadata".* FROM "ar_internal_metadata" WHERE "ar_internal_metadata"."key" = ? LIMIT ?[0m  [["key", "environment"], ["LIMIT", 1]]
  [1m[36mTRANSACTION (0.1ms)[0m  [1m[36mbegin transaction[0m
  [1m[36mActiveRecord::InternalMetadata Create (0.6ms)[0m  [1m[32mINSERT INTO "ar_internal_metadata" ("key", "value", "created_at", "updated_at") VALUES (?, ?, ?, ?)[0m  [["key", "environment"], ["value", "development"], ["created_at", "2022-07-05 18:13:06.646208"], ["updated_at", "2022-07-05 18:13:06.646208"]]
  [1m[36mTRANSACTION (0.8ms)[0m  [1m[36mcommit transaction[0m
  [1m[35m (0.0ms)[0m  [1m[34mSELECT sqlite_version(*)[0m
  [1m[36mActiveRecord::SchemaMigration Pluck (0.1ms)[0m  [1m[34mSELECT "schema_migrations"."version" FROM "schema_migrations" ORDER BY "schema_migrations"."version" ASC[0m
  [1m[35m (1.4ms)[0m  [1m[34mSELECT sqlite_version(*)[0m
  [1m[35m (1.0ms)[0m  [1m[34mSELECT sqlite_version(*)[0m
  [1m[36mTRANSACTION (0.1ms)[0m  [1m[36mbegin transaction[0m
  [1m[36mPerson Create (0.8ms)[0m  [1m[32mINSERT INTO "people" ("name", "password", "created_at", "updated_at") VALUES (?, ?, ?, ?)[0m  [["name", "James"], ["password", "[FILTERED]"], ["created_at", "2022-07-05 18:16:01.113925"], ["updated_at", "2022-07-05 18:16:01.113925"]]
  [1m[36mTRANSACTION (1.2ms)[0m  [1m[36mcommit transaction[0m
Started GET "/" for 127.0.0.1 at 2022-07-05 14:16:36 -0400
  [1m[35m (1.9ms)[0m  [1m[34mSELECT sqlite_version(*)[0m
  [1m[36mActiveRecord::SchemaMigration Pluck (0.1ms)[0m  [1m[34mSELECT "schema_migrations"."version" FROM "schema_migrations" ORDER BY "schema_migrations"."version" ASC[0m
Processing by Rails::WelcomeController#index as HTML
  Rendering /Users/christopherkerlendson/.rvm/gems/ruby-2.7.4/gems/railties-7.0.3/lib/rails/templates/rails/welcome/index.html.erb
  Rendered /Users/christopherkerlendson/.rvm/gems/ruby-2.7.4/gems/railties-7.0.3/lib/rails/templates/rails/welcome/index.html.erb (Duration: 6.6ms | Allocations: 683)
Completed 200 OK in 39ms (Views: 17.0ms | ActiveRecord: 0.0ms | Allocations: 6555)


Started GET "/people" for 127.0.0.1 at 2022-07-05 14:16:45 -0400
Processing by PeopleController#index as HTML
  Rendering layout layouts/application.html.erb
  Rendering people/index.html.erb within layouts/application
  [1m[36mPerson Load (0.2ms)[0m  [1m[34mSELECT "people".* FROM "people"[0m
  ↳ app/views/people/index.html.erb:6
  Rendered people/_person.html.erb (Duration: 0.8ms | Allocations: 207)
  Rendered people/index.html.erb within layouts/application (Duration: 15.1ms | Allocations: 6008)
  Rendered layout layouts/application.html.erb (Duration: 271.7ms | Allocations: 107575)
Completed 200 OK in 279ms (Views: 273.4ms | ActiveRecord: 0.8ms | Allocations: 108967)


Started GET "/people" for 127.0.0.1 at 2022-07-05 14:17:30 -0400
Processing by PeopleController#index as HTML
  Rendering layout layouts/application.html.erb
  Rendering people/index.html.erb within layouts/application
  [1m[36mPerson Load (0.2ms)[0m  [1m[34mSELECT "people".* FROM "people"[0m
  ↳ app/views/people/index.html.erb:6
  Rendered people/_person.html.erb (Duration: 0.9ms | Allocations: 170)
  Rendered people/index.html.erb within layouts/application (Duration: 4.3ms | Allocations: 1343)
  Rendered layout layouts/application.html.erb (Duration: 9.2ms | Allocations: 3792)
Completed 200 OK in 13ms (Views: 11.3ms | ActiveRecord: 0.2ms | Allocations: 4748)


Started GET "/people/1" for 127.0.0.1 at 2022-07-05 14:18:49 -0400
Processing by PeopleController#show as HTML
  Parameters: {"id"=>"1"}
  [1m[36mPerson Load (0.2ms)[0m  [1m[34mSELECT "people".* FROM "people" WHERE "people"."id" = ? LIMIT ?[0m  [["id", 1], ["LIMIT", 1]]
  ↳ app/controllers/people_controller.rb:63:in `set_person'
  Rendering layout layouts/application.html.erb
  Rendering people/show.html.erb within layouts/application
  Rendered people/_person.html.erb (Duration: 0.1ms | Allocations: 21)
  Rendered people/show.html.erb within layouts/application (Duration: 2.2ms | Allocations: 774)
  Rendered layout layouts/application.html.erb (Duration: 6.3ms | Allocations: 2999)
Completed 200 OK in 24ms (Views: 7.0ms | ActiveRecord: 0.2ms | Allocations: 7257)


  [1m[35m (1.0ms)[0m  [1m[34mSELECT sqlite_version(*)[0m
  [1m[35m (0.8ms)[0m  [1m[34mSELECT sqlite_version(*)[0m
  [1m[36mActiveRecord::SchemaMigration Pluck (0.1ms)[0m  [1m[34mSELECT "schema_migrations"."version" FROM "schema_migrations" ORDER BY "schema_migrations"."version" ASC[0m
Migrating to CreateUsers (20220705182159)
  [1m[36mTRANSACTION (0.0ms)[0m  [1m[36mbegin transaction[0m
  [1m[35m (0.5ms)[0m  [1m[35mCREATE TABLE "users" ("id" integer PRIMARY KEY AUTOINCREMENT NOT NULL, "name" varchar, "password_digest" varchar, "created_at" datetime(6) NOT NULL, "updated_at" datetime(6) NOT NULL)[0m
  [1m[36mActiveRecord::SchemaMigration Create (0.2ms)[0m  [1m[32mINSERT INTO "schema_migrations" ("version") VALUES (?)[0m  [["version", "20220705182159"]]
  [1m[36mTRANSACTION (0.9ms)[0m  [1m[36mcommit transaction[0m
  [1m[36mActiveRecord::InternalMetadata Load (0.2ms)[0m  [1m[34mSELECT "ar_internal_metadata".* FROM "ar_internal_metadata" WHERE "ar_internal_metadata"."key" = ? LIMIT ?[0m  [["key", "environment"], ["LIMIT", 1]]
  [1m[35m (0.0ms)[0m  [1m[34mSELECT sqlite_version(*)[0m
  [1m[36mActiveRecord::SchemaMigration Pluck (0.1ms)[0m  [1m[34mSELECT "schema_migrations"."version" FROM "schema_migrations" ORDER BY "schema_migrations"."version" ASC[0m
  [1m[35m (0.6ms)[0m  [1m[34mSELECT sqlite_version(*)[0m
  [1m[36mActiveRecord::SchemaMigration Pluck (0.1ms)[0m  [1m[34mSELECT "schema_migrations"."version" FROM "schema_migrations" ORDER BY "schema_migrations"."version" ASC[0m
  [1m[36mActiveRecord::InternalMetadata Load (0.1ms)[0m  [1m[34mSELECT "ar_internal_metadata".* FROM "ar_internal_metadata" WHERE "ar_internal_metadata"."key" = ? LIMIT ?[0m  [["key", "environment"], ["LIMIT", 1]]
  [1m[35m (0.0ms)[0m  [1m[34mSELECT sqlite_version(*)[0m
  [1m[36mActiveRecord::SchemaMigration Pluck (0.1ms)[0m  [1m[34mSELECT "schema_migrations"."version" FROM "schema_migrations" ORDER BY "schema_migrations"."version" ASC[0m
  [1m[35m (1.0ms)[0m  [1m[34mSELECT sqlite_version(*)[0m
  [1m[35m (0.8ms)[0m  [1m[34mSELECT sqlite_version(*)[0m
  [1m[36mPerson Load (0.1ms)[0m  [1m[34mSELECT "people".* FROM "people" ORDER BY "people"."id" ASC LIMIT ?[0m  [["LIMIT", 1]]
  [1m[36mPerson Load (0.1ms)[0m  [1m[34mSELECT "people".* FROM "people" ORDER BY "people"."id" ASC LIMIT ?[0m  [["LIMIT", 1]]
  [1m[36mTRANSACTION (0.1ms)[0m  [1m[36mbegin transaction[0m
  [1m[36mUser Create (0.9ms)[0m  [1m[32mINSERT INTO "users" ("name", "password_digest", "created_at", "updated_at") VALUES (?, ?, ?, ?)[0m  [["name", nil], ["password_digest", "[FILTERED]"], ["created_at", "2022-07-05 18:28:49.335882"], ["updated_at", "2022-07-05 18:28:49.335882"]]
  [1m[36mTRANSACTION (1.1ms)[0m  [1m[36mcommit transaction[0m
  [1m[35m (0.8ms)[0m  [1m[34mSELECT sqlite_version(*)[0m
  [1m[36mUser Load (0.1ms)[0m  [1m[34mSELECT "users".* FROM "users" ORDER BY "users"."id" ASC LIMIT ?[0m  [["LIMIT", 1]]
  [1m[36mTRANSACTION (0.1ms)[0m  [1m[36mbegin transaction[0m
  [1m[36mUser Create (0.8ms)[0m  [1m[32mINSERT INTO "users" ("name", "password_digest", "created_at", "updated_at") VALUES (?, ?, ?, ?)[0m  [["name", "user2"], ["password_digest", "[FILTERED]"], ["created_at", "2022-07-05 18:29:53.936015"], ["updated_at", "2022-07-05 18:29:53.936015"]]
  [1m[36mTRANSACTION (1.1ms)[0m  [1m[36mcommit transaction[0m
  [1m[35m (0.8ms)[0m  [1m[34mSELECT sqlite_version(*)[0m
  [1m[36mUser Load (0.3ms)[0m  [1m[34mSELECT "users".* FROM "users" WHERE "users"."name" = ? LIMIT ?[0m  [["name", "user2"], ["LIMIT", 1]]
